1630009994440:list
1630010170099:l
1630010388555:c
1630010391653:c sadfas
1630010491451:c sdadef
1630010643475:c sdafsad
1630010671450:l
1630010682955:c
1630010771556:c dfag
1630011302188:l
1630011304603:r 4
1630011311281:r
1630012603412:l
1630012622583:u 2 sdfsdf 2 2
1630012627478:d 3
1630012698664:l
1630012701007:c sdf
1630012704868:u 4
1630012739825:d 4
1630012746898:r 4
1630012766212:u 6
1630012856137:l
1630012860469:u 4 dsaf
1630012865772:c 32sd
1630014289006:l
1630014525002:r 1
1630014532205:r 3
1630014711293:r 2
1630015114530:l
1630015121501:u 1 dsd 3 4
1630015161880:u 5 adfa 4 4
1630015491972:l
1630015497102:d 2
1630015566662:d 1
1630015570342:l
1630015575717:d 1
1630022202605:l
1630022213880:c sdfsd
1630022638661:l
1630022648520:u 1 sdfs 2 2
1630022656145:d 1
1630022659681:l
1630024205344:1
1630024211683:r 1
1630024220690:u 2 fsad 3 2
1630024226233:c 3 d
