2021-08-27 03:31:01.960  INFO 11872 --- [main] r.b.notesengine.NotesEngineApplication   : Starting NotesEngineApplication on BVT-MI with PID 11872 (C:\_Spring\GitHub-BvtSpring\springp4\notesengine\target\classes started by BVT.MI in C:\_Spring\GitHub-BvtSpring\springp4)
2021-08-27 03:31:01.978  INFO 11872 --- [main] r.b.notesengine.NotesEngineApplication   : No active profile set, falling back to default profiles: default
2021-08-27 03:31:04.110  INFO 11872 --- [main] .s.d.r.c.RepositoryConfigurationDelegate : Bootstrapping Spring Data JPA repositories in DEFAULT mode.
2021-08-27 03:31:04.241  INFO 11872 --- [main] .s.d.r.c.RepositoryConfigurationDelegate : Finished Spring Data repository scanning in 119ms. Found 4 JPA repository interfaces.
2021-08-27 03:31:05.307  INFO 11872 --- [main] o.s.b.w.embedded.tomcat.TomcatWebServer  : Tomcat initialized with port(s): 8080 (http)
2021-08-27 03:31:05.322  INFO 11872 --- [main] o.apache.catalina.core.StandardService   : Starting service [Tomcat]
2021-08-27 03:31:05.323  INFO 11872 --- [main] org.apache.catalina.core.StandardEngine  : Starting Servlet engine: [Apache Tomcat/9.0.46]
2021-08-27 03:31:05.523  INFO 11872 --- [main] o.a.c.c.C.[Tomcat].[localhost].[/]       : Initializing Spring embedded WebApplicationContext
2021-08-27 03:31:05.525  INFO 11872 --- [main] w.s.c.ServletWebServerApplicationContext : Root WebApplicationContext: initialization completed in 3418 ms
2021-08-27 03:31:06.176  INFO 11872 --- [main] com.zaxxer.hikari.HikariDataSource       : HikariPool-1 - Starting...
2021-08-27 03:31:06.320  INFO 11872 --- [main] com.zaxxer.hikari.HikariDataSource       : HikariPool-1 - Start completed.
2021-08-27 03:31:06.660  INFO 11872 --- [main] o.hibernate.jpa.internal.util.LogHelper  : HHH000204: Processing PersistenceUnitInfo [name: default]
2021-08-27 03:31:06.750  INFO 11872 --- [main] org.hibernate.Version                    : HHH000412: Hibernate ORM core version 5.4.32.Final
2021-08-27 03:31:06.988  INFO 11872 --- [main] o.hibernate.annotations.common.Version   : HCANN000001: Hibernate Commons Annotations {5.1.2.Final}
2021-08-27 03:31:07.133  INFO 11872 --- [main] org.hibernate.dialect.Dialect            : HHH000400: Using dialect: org.hibernate.dialect.H2Dialect
2021-08-27 03:31:07.888  INFO 11872 --- [main] o.h.e.t.j.p.i.JtaPlatformInitiator       : HHH000490: Using JtaPlatform implementation: [org.hibernate.engine.transaction.jta.platform.internal.NoJtaPlatform]
2021-08-27 03:31:07.900  INFO 11872 --- [main] j.LocalContainerEntityManagerFactoryBean : Initialized JPA EntityManagerFactory for persistence unit 'default'
2021-08-27 03:31:08.438  WARN 11872 --- [main] JpaBaseConfiguration$JpaWebConfiguration : spring.jpa.open-in-view is enabled by default. Therefore, database queries may be performed during view rendering. Explicitly configure spring.jpa.open-in-view to disable this warning
2021-08-27 03:31:10.064  INFO 11872 --- [main] o.s.b.a.e.web.EndpointLinksResolver      : Exposing 14 endpoint(s) beneath base path '/actuator'
2021-08-27 03:31:10.337  INFO 11872 --- [main] o.s.s.web.DefaultSecurityFilterChain     : Creating filter chain: Ant [pattern='/'], []
2021-08-27 03:31:10.440  INFO 11872 --- [main] o.s.s.web.DefaultSecurityFilterChain     : Creating filter chain: any request, [org.springframework.security.web.context.request.async.WebAsyncManagerIntegrationFilter@2e587292, org.springframework.security.web.context.SecurityContextPersistenceFilter@42cef0af, org.springframework.security.web.header.HeaderWriterFilter@5576eef4, org.springframework.security.web.authentication.logout.LogoutFilter@187c8f96, org.springframework.security.web.authentication.www.BasicAuthenticationFilter@3e966e67, org.springframework.security.web.savedrequest.RequestCacheAwareFilter@623cd12e, org.springframework.security.web.servletapi.SecurityContextHolderAwareRequestFilter@1da2219c, org.springframework.security.web.authentication.AnonymousAuthenticationFilter@36c763cd, org.springframework.security.web.session.SessionManagementFilter@583b177a, org.springframework.security.web.access.ExceptionTranslationFilter@bc85538, org.springframework.security.web.access.intercept.FilterSecurityInterceptor@cb03360]
2021-08-27 03:31:10.611  INFO 11872 --- [main] o.s.s.concurrent.ThreadPoolTaskExecutor  : Initializing ExecutorService 'applicationTaskExecutor'
2021-08-27 03:31:11.141  INFO 11872 --- [main] o.s.b.w.embedded.tomcat.TomcatWebServer  : Tomcat started on port(s): 8080 (http) with context path ''
2021-08-27 03:31:11.593  INFO 11872 --- [main] r.b.notesengine.NotesEngineApplication   : Started NotesEngineApplication in 10.281 seconds (JVM running for 11.424)
2021-08-27 03:31:11.599  INFO 11872 --- [main] r.b.notesengine.NotesEngineApplication   : Starting my application with 0 args.
2021-08-27 03:31:12.647  INFO 11872 --- [RMI TCP Connection(5)-172.17.160.1] o.a.c.c.C.[Tomcat].[localhost].[/]       : Initializing Spring DispatcherServlet 'dispatcherServlet'
2021-08-27 03:31:12.649  INFO 11872 --- [RMI TCP Connection(5)-172.17.160.1] o.s.web.servlet.DispatcherServlet        : Initializing Servlet 'dispatcherServlet'
2021-08-27 03:31:12.670  INFO 11872 --- [RMI TCP Connection(5)-172.17.160.1] o.s.web.servlet.DispatcherServlet        : Completed initialization in 20 ms
